<?xml version="1.0" encoding="UTF-8"?>
<testsuite name="LibraryTest" tests="1" skipped="0" failures="0" errors="0" timestamp="2018-07-22T06:27:59" hostname="Lenovo-PC" time="0.011">
  <properties/>
  <testcase name="testSomeLibraryMethod" classname="LibraryTest" time="0.011"/>
  <system-out><![CDATA[]]></system-out>
  <system-err><![CDATA[]]></system-err>
</testsuite>
