<?xml version="1.0" encoding="UTF-8"?>
<testsuite name="LibraryTest" tests="1" skipped="0" failures="0" errors="0" timestamp="2018-07-24T03:22:21" hostname="Lenovo-PC" time="0.009">
  <properties/>
  <testcase name="testSomeLibraryMethod" classname="LibraryTest" time="0.009"/>
  <system-out><![CDATA[]]></system-out>
  <system-err><![CDATA[]]></system-err>
</testsuite>
